<?xml version="1.0" encoding="UTF-8"?>
<!-- Generated by org.testng.reporters.JUnitReportReporter -->
<testsuite skipped="0" hostname="AGI-LT-1662" name="test.frmwrk.GTtest2" tests="1" failures="0" timestamp="26 Oct 2021 09:31:22 GMT" time="5.386" errors="0">
  <testcase name="ts02" time="5.386" classname="test.frmwrk.GTtest2"/>
</testsuite> <!-- test.frmwrk.GTtest2 -->
