<?xml version="1.0" encoding="UTF-8"?>
<!-- Generated by org.testng.reporters.JUnitReportReporter -->
<testsuite skipped="0" hostname="AGI-LT-1662" name="test.frmwrk.test" tests="1" failures="0" timestamp="25 Oct 2021 11:01:27 GMT" time="2.250" errors="0">
  <testcase name="BrowserCall" time="2.250" classname="test.frmwrk.test"/>
</testsuite> <!-- test.frmwrk.test -->
