<?xml version="1.0" encoding="UTF-8"?>
<!-- Generated by org.testng.reporters.JUnitReportReporter -->
<testsuite skipped="0" hostname="AGI-LT-1662" name="test.frmwrk.GTtest" tests="1" failures="0" timestamp="26 Oct 2021 09:31:22 GMT" time="13.032" errors="0">
  <testcase name="TS001" time="13.032" classname="test.frmwrk.GTtest"/>
</testsuite> <!-- test.frmwrk.GTtest -->
