<?xml version="1.0" encoding="UTF-8"?>
<!-- Generated by org.testng.reporters.JUnitReportReporter -->
<testsuite skipped="0" hostname="AGI-LT-1662" name="TestNGdemo.Amzn" tests="1" failures="0" timestamp="21 Oct 2021 13:54:07 GMT" time="40.569" errors="0">
  <testcase name="main" time="40.569" classname="TestNGdemo.Amzn"/>
</testsuite> <!-- TestNGdemo.Amzn -->
