<?xml version="1.0" encoding="UTF-8"?>
<!-- Generated by org.testng.reporters.JUnitReportReporter -->
<testsuite skipped="0" hostname="AGI-LT-1662" name="TestNGdemo.testng001" tests="1" failures="0" timestamp="25 Oct 2021 09:49:30 GMT" time="0.011" errors="0">
  <testcase name="Oubox" time="0.011" classname="TestNGdemo.testng001"/>
</testsuite> <!-- TestNGdemo.testng001 -->
